

*******************************************************************************
Tue Nov  8 17:11:45 2022


FIT:    data read from "datos.dat"
        format = z
        #datapoints = 400
        residuals are weighted equally (unit weight)

function used for fitting: f(x)
	f(x)=a*x+b
fitted parameters initialized with current variable values

iter      chisq       delta/lim  lambda   a             b            
   0 1.7574396000e+07   0.00e+00  1.63e+02    1.000000e+00   1.000000e+00
   5 2.9842841453e+05  -5.48e-07  1.63e-03    3.041457e-03   2.686823e+01

After 5 iterations the fit converged.
final sum of squares of residuals : 298428
rel. change during last iteration : -5.47985e-12

degrees of freedom    (FIT_NDF)                        : 398
rms of residuals      (FIT_STDFIT) = sqrt(WSSR/ndf)    : 27.3828
variance of residuals (reduced chisquare) = WSSR/ndf   : 749.82

Final set of parameters            Asymptotic Standard Error
=======================            ==========================
a               = 0.00304146       +/- 0.01186      (389.9%)
b               = 26.8682          +/- 2.733        (10.17%)

correlation matrix of the fit parameters:
                a      b      
a               1.000 
b              -0.865  1.000 


*******************************************************************************
Thu Nov 10 09:53:10 2022


FIT:    data read from "datos.dat"
        format = z
        #datapoints = 400
        residuals are weighted equally (unit weight)

function used for fitting: f(x)
	f(x)=a*x+b
fitted parameters initialized with current variable values

iter      chisq       delta/lim  lambda   a             b            
   0 3.0401951143e+12   0.00e+00  1.63e+02    1.000000e+00   1.000000e+00
  78 9.2764930801e-18   0.00e+00  1.63e+04    1.317817e-12   8.738120e+04

After 78 iterations the fit converged.
final sum of squares of residuals : 9.27649e-18
rel. change during last iteration : 0

degrees of freedom    (FIT_NDF)                        : 398
rms of residuals      (FIT_STDFIT) = sqrt(WSSR/ndf)    : 1.52669e-10
variance of residuals (reduced chisquare) = WSSR/ndf   : 2.33078e-20

Final set of parameters            Asymptotic Standard Error
=======================            ==========================
a               = 1.31782e-12      +/- 6.222e-15    (0.4721%)
b               = 87381.2          +/- 7.682e-12    (8.791e-15%)

correlation matrix of the fit parameters:
                a      b      
a               1.000 
b              -0.112  1.000 


*******************************************************************************
Thu Nov 10 09:59:20 2022


FIT:    data read from "datos.dat"
        format = z
        #datapoints = 400
        residuals are weighted equally (unit weight)

function used for fitting: f(x)
	f(x)=a*x+b
fitted parameters initialized with current variable values

iter      chisq       delta/lim  lambda   a             b            
   0 1.0712750585e+11   0.00e+00  1.63e+02    1.000000e+00   1.000000e+00
   6 4.0096722573e-01  -1.18e-06  1.63e-04    9.984623e-01   1.636648e+04

After 6 iterations the fit converged.
final sum of squares of residuals : 0.400967
rel. change during last iteration : -1.17621e-11

degrees of freedom    (FIT_NDF)                        : 398
rms of residuals      (FIT_STDFIT) = sqrt(WSSR/ndf)    : 0.0317404
variance of residuals (reduced chisquare) = WSSR/ndf   : 0.00100746

Final set of parameters            Asymptotic Standard Error
=======================            ==========================
a               = 0.998462         +/- 1.374e-05    (0.001377%)
b               = 16366.5          +/- 0.003168     (1.936e-05%)

correlation matrix of the fit parameters:
                a      b      
a               1.000 
b              -0.865  1.000 
