

*******************************************************************************
Sat Nov 26 16:16:42 2022


FIT:    data read from "Varianza.dat"
        format = z
        #datapoints = 1000
        residuals are weighted equally (unit weight)

function used for fitting: f(x)
	f(x)=a*x+b
fitted parameters initialized with current variable values

iter      chisq       delta/lim  lambda   a             b            
   0 2.6374511280e+08   0.00e+00  4.08e+02    1.000000e+00   1.000000e+00
   5 6.1683752746e+02  -1.15e-01  4.08e-03    4.051668e-02   4.779548e+01

After 5 iterations the fit converged.
final sum of squares of residuals : 616.838
rel. change during last iteration : -1.14755e-06

degrees of freedom    (FIT_NDF)                        : 998
rms of residuals      (FIT_STDFIT) = sqrt(WSSR/ndf)    : 0.786177
variance of residuals (reduced chisquare) = WSSR/ndf   : 0.618074

Final set of parameters            Asymptotic Standard Error
=======================            ==========================
a               = 0.0405167        +/- 8.612e-05    (0.2126%)
b               = 47.7955          +/- 0.04968      (0.104%)

correlation matrix of the fit parameters:
                a      b      
a               1.000 
b              -0.866  1.000 


*******************************************************************************
Sat Nov 26 16:31:04 2022


FIT:    data read from "Varianza.dat"
        format = z
        #datapoints = 1000
        residuals are weighted equally (unit weight)

function used for fitting: f(x)
	f(x)=a*x+b
fitted parameters initialized with current variable values

iter      chisq       delta/lim  lambda   a             b            
   0 4.1964004371e+08   0.00e+00  4.08e+02    1.000000e+00   1.000000e+00
   5 1.6255879835e+07  -1.85e-04  4.08e-03    2.526083e+00  -3.037774e+02

After 5 iterations the fit converged.
final sum of squares of residuals : 1.62559e+07
rel. change during last iteration : -1.84701e-09

degrees of freedom    (FIT_NDF)                        : 998
rms of residuals      (FIT_STDFIT) = sqrt(WSSR/ndf)    : 127.626
variance of residuals (reduced chisquare) = WSSR/ndf   : 16288.5

Final set of parameters            Asymptotic Standard Error
=======================            ==========================
a               = 2.52608          +/- 0.01398      (0.5535%)
b               = -303.777         +/- 8.066        (2.655%)

correlation matrix of the fit parameters:
                a      b      
a               1.000 
b              -0.866  1.000 


*******************************************************************************
Sat Nov 26 16:33:03 2022


FIT:    data read from "Varianza.dat"
        format = z
        #datapoints = 1000
        residuals are weighted equally (unit weight)

function used for fitting: f(x)
	f(x)=a*x+b
fitted parameters initialized with current variable values

iter      chisq       delta/lim  lambda   a             b            
   0 5.2260774691e+09   0.00e+00  4.08e+02    1.000000e+00   1.000000e+00
   5 1.9475547229e+07  -1.28e-04  4.08e-03    5.364414e+00  -2.765894e+02

After 5 iterations the fit converged.
final sum of squares of residuals : 1.94755e+07
rel. change during last iteration : -1.27892e-09

degrees of freedom    (FIT_NDF)                        : 998
rms of residuals      (FIT_STDFIT) = sqrt(WSSR/ndf)    : 139.695
variance of residuals (reduced chisquare) = WSSR/ndf   : 19514.6

Final set of parameters            Asymptotic Standard Error
=======================            ==========================
a               = 5.36441          +/- 0.0153       (0.2853%)
b               = -276.589         +/- 8.828        (3.192%)

correlation matrix of the fit parameters:
                a      b      
a               1.000 
b              -0.866  1.000 


*******************************************************************************
Sat Nov 26 16:50:53 2022


FIT:    data read from "Varianza.dat"
        format = z
        #datapoints = 1000
        residuals are weighted equally (unit weight)

function used for fitting: f(x)
	f(x)=a*x+b
fitted parameters initialized with current variable values

iter      chisq       delta/lim  lambda   a             b            
   0 2.8682734805e+08   0.00e+00  4.08e+02    1.000000e+00   1.000000e+00
   6 2.5876394746e-01  -1.24e-08  4.08e-04    5.657822e-06   4.939293e+01

After 6 iterations the fit converged.
final sum of squares of residuals : 0.258764
rel. change during last iteration : -1.23995e-13

degrees of freedom    (FIT_NDF)                        : 998
rms of residuals      (FIT_STDFIT) = sqrt(WSSR/ndf)    : 0.0161023
variance of residuals (reduced chisquare) = WSSR/ndf   : 0.000259283

Final set of parameters            Asymptotic Standard Error
=======================            ==========================
a               = 5.65782e-06      +/- 1.764e-06    (31.18%)
b               = 49.3929          +/- 0.001018     (0.00206%)

correlation matrix of the fit parameters:
                a      b      
a               1.000 
b              -0.866  1.000 


*******************************************************************************
Sat Nov 26 17:27:14 2022


FIT:    data read from "Varianza.dat"
        format = z
        #datapoints = 1000
        residuals are weighted equally (unit weight)

function used for fitting: f(x)
	f(x)=a*x+b
fitted parameters initialized with current variable values

iter      chisq       delta/lim  lambda   a             b            
   0 1.7989872343e+07   0.00e+00  4.08e+02    1.000000e+00   1.000000e+00
   6 3.6571829056e-01  -6.28e-09  4.08e-04    6.999910e-01   4.843660e+01

After 6 iterations the fit converged.
final sum of squares of residuals : 0.365718
rel. change during last iteration : -6.28397e-14

degrees of freedom    (FIT_NDF)                        : 998
rms of residuals      (FIT_STDFIT) = sqrt(WSSR/ndf)    : 0.0191429
variance of residuals (reduced chisquare) = WSSR/ndf   : 0.000366451

Final set of parameters            Asymptotic Standard Error
=======================            ==========================
a               = 0.699991         +/- 2.097e-06    (0.0002996%)
b               = 48.4366          +/- 0.00121      (0.002498%)

correlation matrix of the fit parameters:
                a      b      
a               1.000 
b              -0.866  1.000 


*******************************************************************************
Sat Nov 26 17:29:07 2022


FIT:    data read from "VarianzaN-1.dat"
        format = z
        #datapoints = 1000
        residuals are weighted equally (unit weight)

function used for fitting: f(x)
	f(x)=a*x+b
fitted parameters initialized with current variable values

iter      chisq       delta/lim  lambda   a             b            
   0 1.7989872343e+07   0.00e+00  4.08e+02    1.000000e+00   1.000000e+00
   6 3.6571829056e-01  -6.28e-09  4.08e-04    6.999910e-01   4.843660e+01

After 6 iterations the fit converged.
final sum of squares of residuals : 0.365718
rel. change during last iteration : -6.28397e-14

degrees of freedom    (FIT_NDF)                        : 998
rms of residuals      (FIT_STDFIT) = sqrt(WSSR/ndf)    : 0.0191429
variance of residuals (reduced chisquare) = WSSR/ndf   : 0.000366451

Final set of parameters            Asymptotic Standard Error
=======================            ==========================
a               = 0.699991         +/- 2.097e-06    (0.0002996%)
b               = 48.4366          +/- 0.00121      (0.002498%)

correlation matrix of the fit parameters:
                a      b      
a               1.000 
b              -0.866  1.000 


*******************************************************************************
Sat Nov 26 17:30:16 2022


FIT:    data read from "VarianzaN-1.dat"
        format = z
        #datapoints = 1000
        residuals are weighted equally (unit weight)

function used for fitting: f(x)
	f(x)=a*x+b
fitted parameters initialized with current variable values

iter      chisq       delta/lim  lambda   a             b            
   0 1.6190237301e+07   0.00e+00  4.08e+02    1.000000e+00   1.000000e+00
   6 3.7797623300e-01  -1.15e-08  4.08e-04    7.111022e-01   4.920509e+01

After 6 iterations the fit converged.
final sum of squares of residuals : 0.377976
rel. change during last iteration : -1.15435e-13

degrees of freedom    (FIT_NDF)                        : 998
rms of residuals      (FIT_STDFIT) = sqrt(WSSR/ndf)    : 0.0194611
variance of residuals (reduced chisquare) = WSSR/ndf   : 0.000378734

Final set of parameters            Asymptotic Standard Error
=======================            ==========================
a               = 0.711102         +/- 2.132e-06    (0.0002998%)
b               = 49.2051          +/- 0.00123      (0.0025%)

correlation matrix of the fit parameters:
                a      b      
a               1.000 
b              -0.866  1.000 


*******************************************************************************
Sat Nov 26 17:30:49 2022


FIT:    data read from "Varianza.dat"
        format = z
        #datapoints = 1000
        residuals are weighted equally (unit weight)

function used for fitting: f(x)
	f(x)=a*x+b
fitted parameters initialized with current variable values

iter      chisq       delta/lim  lambda   a             b            
   0 5.0212958181e+04   0.00e+00  2.92e+02    7.111022e-01   4.920509e+01
   3 3.6571829056e-01  -9.96e-01  2.92e-01    6.999910e-01   4.843660e+01

After 3 iterations the fit converged.
final sum of squares of residuals : 0.365718
rel. change during last iteration : -9.95852e-06

degrees of freedom    (FIT_NDF)                        : 998
rms of residuals      (FIT_STDFIT) = sqrt(WSSR/ndf)    : 0.0191429
variance of residuals (reduced chisquare) = WSSR/ndf   : 0.000366451

Final set of parameters            Asymptotic Standard Error
=======================            ==========================
a               = 0.699991         +/- 2.097e-06    (0.0002996%)
b               = 48.4366          +/- 0.00121      (0.002498%)

correlation matrix of the fit parameters:
                a      b      
a               1.000 
b              -0.866  1.000 
